-------------------------------------------------------------------------------
>Log Session: Tuesday, April 23, 2024 at 12:07:41 PM Central European Summer Time
>System Info: 
  Product Version         = Apache NetBeans IDE 21
  Operating System        = Windows 11 version 10.0 running on amd64
  Java; VM; Vendor        = 11.0.22; Java HotSpot(TM) 64-Bit Server VM 11.0.22+9-LTS-219; Oracle Corporation
  Runtime                 = Java(TM) SE Runtime Environment 11.0.22+9-LTS-219
  Java Home               = C:\Program Files\Java\jdk-11
  System Locale; Encoding = es_ES (nb); Cp1252
  Home Directory          = C:\Users\admin
  Current Directory       = C:\Users\admin\Desktop\IntroduccionCiberseguridadPP3IESVJP\LaboratorioDAM-DAW\Netbeans\NetBeans-21
  User Directory          = C:\Users\admin\AppData\Local\Temp\tmpnb
  Cache Directory         = C:\Users\admin\AppData\Local\Temp\tmpnb\var\cache
  Installation            = C:\Users\admin\Desktop\IntroduccionCiberseguridadPP3IESVJP\LaboratorioDAM-DAW\Netbeans\NetBeans-21\netbeans\nb
                            C:\Users\admin\Desktop\IntroduccionCiberseguridadPP3IESVJP\LaboratorioDAM-DAW\Netbeans\NetBeans-21\netbeans\ergonomics
                            C:\Users\admin\Desktop\IntroduccionCiberseguridadPP3IESVJP\LaboratorioDAM-DAW\Netbeans\NetBeans-21\netbeans\ide
                            C:\Users\admin\Desktop\IntroduccionCiberseguridadPP3IESVJP\LaboratorioDAM-DAW\Netbeans\NetBeans-21\netbeans\extide
                            C:\Users\admin\Desktop\IntroduccionCiberseguridadPP3IESVJP\LaboratorioDAM-DAW\Netbeans\NetBeans-21\netbeans\java
                            C:\Users\admin\Desktop\IntroduccionCiberseguridadPP3IESVJP\LaboratorioDAM-DAW\Netbeans\NetBeans-21\netbeans\apisupport
                            C:\Users\admin\Desktop\IntroduccionCiberseguridadPP3IESVJP\LaboratorioDAM-DAW\Netbeans\NetBeans-21\netbeans\webcommon
                            C:\Users\admin\Desktop\IntroduccionCiberseguridadPP3IESVJP\LaboratorioDAM-DAW\Netbeans\NetBeans-21\netbeans\websvccommon
                            C:\Users\admin\Desktop\IntroduccionCiberseguridadPP3IESVJP\LaboratorioDAM-DAW\Netbeans\NetBeans-21\netbeans\enterprise
                            C:\Users\admin\Desktop\IntroduccionCiberseguridadPP3IESVJP\LaboratorioDAM-DAW\Netbeans\NetBeans-21\netbeans\profiler
                            C:\Users\admin\Desktop\IntroduccionCiberseguridadPP3IESVJP\LaboratorioDAM-DAW\Netbeans\NetBeans-21\netbeans\php
                            C:\Users\admin\Desktop\IntroduccionCiberseguridadPP3IESVJP\LaboratorioDAM-DAW\Netbeans\NetBeans-21\netbeans\harness
                            C:\Users\admin\Desktop\IntroduccionCiberseguridadPP3IESVJP\LaboratorioDAM-DAW\Netbeans\NetBeans-21\netbeans\cpplite
                            C:\Users\admin\Desktop\IntroduccionCiberseguridadPP3IESVJP\LaboratorioDAM-DAW\Netbeans\NetBeans-21\netbeans\groovy
                            C:\Users\admin\Desktop\IntroduccionCiberseguridadPP3IESVJP\LaboratorioDAM-DAW\Netbeans\NetBeans-21\netbeans\javafx
                            C:\Users\admin\Desktop\IntroduccionCiberseguridadPP3IESVJP\LaboratorioDAM-DAW\Netbeans\NetBeans-21\netbeans\platform
  Boot & Ext. Classpath   = 
  Application Classpath   = C:\Users\admin\Desktop\IntroduccionCiberseguridadPP3IESVJP\LaboratorioDAM-DAW\Netbeans\NetBeans-21\netbeans\platform\lib\boot.jar;C:\Users\admin\Desktop\IntroduccionCiberseguridadPP3IESVJP\LaboratorioDAM-DAW\Netbeans\NetBeans-21\netbeans\platform\lib\org-openide-modules.jar;C:\Users\admin\Desktop\IntroduccionCiberseguridadPP3IESVJP\LaboratorioDAM-DAW\Netbeans\NetBeans-21\netbeans\platform\lib\org-openide-util-lookup.jar;C:\Users\admin\Desktop\IntroduccionCiberseguridadPP3IESVJP\LaboratorioDAM-DAW\Netbeans\NetBeans-21\netbeans\platform\lib\org-openide-util-ui.jar;C:\Users\admin\Desktop\IntroduccionCiberseguridadPP3IESVJP\LaboratorioDAM-DAW\Netbeans\NetBeans-21\netbeans\platform\lib\org-openide-util.jar
  Startup Classpath       = C:\Users\admin\Desktop\IntroduccionCiberseguridadPP3IESVJP\LaboratorioDAM-DAW\Netbeans\NetBeans-21\netbeans\platform\core\asm-9.6.jar;C:\Users\admin\Desktop\IntroduccionCiberseguridadPP3IESVJP\LaboratorioDAM-DAW\Netbeans\NetBeans-21\netbeans\platform\core\asm-commons-9.6.jar;C:\Users\admin\Desktop\IntroduccionCiberseguridadPP3IESVJP\LaboratorioDAM-DAW\Netbeans\NetBeans-21\netbeans\platform\core\asm-tree-9.6.jar;C:\Users\admin\Desktop\IntroduccionCiberseguridadPP3IESVJP\LaboratorioDAM-DAW\Netbeans\NetBeans-21\netbeans\platform\core\core-base.jar;C:\Users\admin\Desktop\IntroduccionCiberseguridadPP3IESVJP\LaboratorioDAM-DAW\Netbeans\NetBeans-21\netbeans\platform\core\core.jar;C:\Users\admin\Desktop\IntroduccionCiberseguridadPP3IESVJP\LaboratorioDAM-DAW\Netbeans\NetBeans-21\netbeans\platform\core\org-netbeans-libs-asm.jar;C:\Users\admin\Desktop\IntroduccionCiberseguridadPP3IESVJP\LaboratorioDAM-DAW\Netbeans\NetBeans-21\netbeans\platform\core\org-openide-filesystems-compat8.jar;C:\Users\admin\Desktop\IntroduccionCiberseguridadPP3IESVJP\LaboratorioDAM-DAW\Netbeans\NetBeans-21\netbeans\platform\core\org-openide-filesystems.jar;C:\Users\admin\Desktop\IntroduccionCiberseguridadPP3IESVJP\LaboratorioDAM-DAW\Netbeans\NetBeans-21\netbeans\nb\core\org-netbeans-upgrader.jar;C:\Users\admin\Desktop\IntroduccionCiberseguridadPP3IESVJP\LaboratorioDAM-DAW\Netbeans\NetBeans-21\netbeans\nb\core\locale\core_nb.jar
-------------------------------------------------------------------------------
INFO [org.netbeans.modules.netbinox]: Install area set to file:/C:/Users/admin/Desktop/IntroduccionCiberseguridadPP3IESVJP/LaboratorioDAM-DAW/Netbeans/NetBeans-21/netbeans/
WARNING [org.netbeans.core.modules]: the modules [org.netbeans.modules.xml.text] use org.netbeans.modules.editor.deprecated.pre65formatting which is deprecated.
WARNING [org.netbeans.core.modules]: the modules [org.netbeans.modules.ide.kit, org.netbeans.modules.xml.text] use org.netbeans.modules.editor.structure which is deprecated.
Custom UI class com.formdev.flatlaf.FlatLightLaf not found.
INFO [org.netbeans.core.startup.NbEvents]: Turning on modules:
	slf4j.jdk14 [1.7.36 1.7.36]
	slf4j.api [1.7.36 1.7.36]
	org.openide.util.lookup [8.57 21-b15c9b7692b2764be5a997d056e2283b72ae9131]
	org.openide.util [9.31 21-b15c9b7692b2764be5a997d056e2283b72ae9131]
	org.openide.util.ui [9.32 21-b15c9b7692b2764be5a997d056e2283b72ae9131]
	org.openide.modules [7.71 21-b15c9b7692b2764be5a997d056e2283b72ae9131]
	org.netbeans.api.annotations.common/1 [1.51 21-b15c9b7692b2764be5a997d056e2283b72ae9131]
	org.openide.filesystems [9.36 21-b15c9b7692b2764be5a997d056e2283b72ae9131]
	org.openide.awt [7.91 21-b15c9b7692b2764be5a997d056e2283b72ae9131]
	org.netbeans.api.progress/1 [1.71 21-b15c9b7692b2764be5a997d056e2283b72ae9131]
	org.netbeans.api.progress.nb [1.71 21-b15c9b7692b2764be5a997d056e2283b72ae9131]
	org.openide.dialogs [7.70 21-b15c9b7692b2764be5a997d056e2283b72ae9131]
	org.openide.nodes [7.68 21-b15c9b7692b2764be5a997d056e2283b72ae9131]
	org.openide.windows [6.100 21-b15c9b7692b2764be5a997d056e2283b72ae9131]
	org.netbeans.libs.batik.read [1.18.0.1 1 21-b15c9b7692b2764be5a997d056e2283b72ae9131]
	org.openide.util.ui.svg [1.17 21-b15c9b7692b2764be5a997d056e2283b72ae9131]
	org.netbeans.modules.editor.mimelookup/1 [1.63 21-b15c9b7692b2764be5a997d056e2283b72ae9131]
	org.openide.text [6.91 21-b15c9b7692b2764be5a997d056e2283b72ae9131]
	org.netbeans.api.scripting [1.20 21-b15c9b7692b2764be5a997d056e2283b72ae9131]
	org.netbeans.swing.tabcontrol [1.80 21-b15c9b7692b2764be5a997d056e2283b72ae9131]
	org.netbeans.swing.outline [1.57 21-b15c9b7692b2764be5a997d056e2283b72ae9131]
	org.openide.explorer [6.85 21-b15c9b7692b2764be5a997d056e2283b72ae9131]
	org.openide.actions [6.62 21-b15c9b7692b2764be5a997d056e2283b72ae9131]
	org.netbeans.modules.queries/1 [1.66 21-b15c9b7692b2764be5a997d056e2283b72ae9131]
	org.netbeans.api.templates [1.31 21-b15c9b7692b2764be5a997d056e2283b72ae9131]
	org.openide.filesystems.nb [9.33 21-b15c9b7692b2764be5a997d056e2283b72ae9131]
	org.openide.loaders [7.93 21-b15c9b7692b2764be5a997d056e2283b72ae9131]
	org.netbeans.api.intent [1.25 21-b15c9b7692b2764be5a997d056e2283b72ae9131]
	org.netbeans.api.io [1.26 21-b15c9b7692b2764be5a997d056e2283b72ae9131]
	org.openide.io [1.72 21-b15c9b7692b2764be5a997d056e2283b72ae9131]
	org.openide.filesystems.compat8 [9.32 21-b15c9b7692b2764be5a997d056e2283b72ae9131]
	org.openide.execution [9.26 21-b15c9b7692b2764be5a997d056e2283b72ae9131]
	org.netbeans.upgrader [4.58 21-b15c9b7692b2764be5a997d056e2283b72ae9131]
	org.netbeans.swing.plaf [1.65 21-b15c9b7692b2764be5a997d056e2283b72ae9131]
	org.netbeans.modules.keyring [1.47 21-b15c9b7692b2764be5a997d056e2283b72ae9131]
	org.netbeans.libs.asm [5.26 21-b15c9b7692b2764be5a997d056e2283b72ae9131]
	org.netbeans.bootstrap/1 [2.102 21-b15c9b7692b2764be5a997d056e2283b72ae9131]
	org.netbeans.core.startup.base [1.85.0.1 1 21-b15c9b7692b2764be5a997d056e2283b72ae9131]
	org.netbeans.core.startup/1 [1.86.0.1 21-b15c9b7692b2764be5a997d056e2283b72ae9131]
	org.netbeans.modules.sampler [1.37 21-b15c9b7692b2764be5a997d056e2283b72ae9131]
	org.netbeans.core/2 [3.74 21-b15c9b7692b2764be5a997d056e2283b72ae9131]
	org.netbeans.spi.quicksearch [1.50 21-b15c9b7692b2764be5a997d056e2283b72ae9131]
	org.netbeans.modules.options.api/1 [1.68 21-b15c9b7692b2764be5a997d056e2283b72ae9131]
	org.netbeans.libs.flatlaf/1 [1.17 3.3 21-b15c9b7692b2764be5a997d056e2283b72ae9131]
	org.netbeans.swing.laf.flatlaf [1.16 21-b15c9b7692b2764be5a997d056e2283b72ae9131]
	org.netbeans.swing.laf.dark/1 [2.18.0.2 2 21-b15c9b7692b2764be5a997d056e2283b72ae9131]
	org.netbeans.modules.projectapi/1 [1.94 21-b15c9b7692b2764be5a997d056e2283b72ae9131]
	org.netbeans.swing.dirchooser [1.52 21-b15c9b7692b2764be5a997d056e2283b72ae9131]
	org.netbeans.spi.viewmodel/2 [1.74 21-b15c9b7692b2764be5a997d056e2283b72ae9131]
	org.netbeans.spi.tasklist/1 [1.58.0.1 1 21-b15c9b7692b2764be5a997d056e2283b72ae9131]
	org.netbeans.spi.palette/1 [1.69 21-b15c9b7692b2764be5a997d056e2283b72ae9131]
	org.netbeans.spi.navigator/1 [1.61 21-b15c9b7692b2764be5a997d056e2283b72ae9131]
	org.netbeans.modules.editor.settings/1 [1.80 21-b15c9b7692b2764be5a997d056e2283b72ae9131]
	org.netbeans.modules.editor.util/1 [1.88 21-b15c9b7692b2764be5a997d056e2283b72ae9131]
	org.netbeans.modules.editor.document [1.32.0.3 3 21-b15c9b7692b2764be5a997d056e2283b72ae9131]
	org.netbeans.modules.lexer/2 [1.86.0.1 1 21-b15c9b7692b2764be5a997d056e2283b72ae9131]
	org.netbeans.modules.editor.lib2/1 [2.43.0.55.3 55 21-b15c9b7692b2764be5a997d056e2283b72ae9131]
	org.netbeans.api.lsp/1 [1.24 21-b15c9b7692b2764be5a997d056e2283b72ae9131]
	org.netbeans.modules.editor.settings.lib [1.74.0.1 1 21-b15c9b7692b2764be5a997d056e2283b72ae9131]
	org.netbeans.modules.editor.fold/1 [1.68 21-b15c9b7692b2764be5a997d056e2283b72ae9131]
	org.netbeans.modules.editor.indent/2 [1.66 21-b15c9b7692b2764be5a997d056e2283b72ae9131]
	org.netbeans.modules.editor.guards/1 [1.56 21-b15c9b7692b2764be5a997d056e2283b72ae9131]
	org.netbeans.modules.editor.lib/3 [4.30.0.23.3.55 23 21-b15c9b7692b2764be5a997d056e2283b72ae9131]
	org.netbeans.spi.editor.hints/0 [1.65.0.8.55 8 21-b15c9b7692b2764be5a997d056e2283b72ae9131]
	org.netbeans.modules.projectuiapi.base/1 [1.109.0.9 9 21-b15c9b7692b2764be5a997d056e2283b72ae9131]
	org.netbeans.modules.projectuiapi/1 [1.112.0.8 8 21-b15c9b7692b2764be5a997d056e2283b72ae9131]
	org.netbeans.modules.editor.tools.storage [1.31 21-b15c9b7692b2764be5a997d056e2283b72ae9131]
	org.netbeans.modules.options.keymap [1.60 21-b15c9b7692b2764be5a997d056e2283b72ae9131]
	org.netbeans.modules.editor.settings.storage/1 [1.75.0.1 21-b15c9b7692b2764be5a997d056e2283b72ae9131]
	org.netbeans.modules.editor.fold.nbui [1.35.0.55 21-b15c9b7692b2764be5a997d056e2283b72ae9131]
	org.netbeans.modules.editor/3 [1.110.0.6.3.23.55 6 21-b15c9b7692b2764be5a997d056e2283b72ae9131]
	org.netbeans.modules.options.editor/1 [1.83 21-b15c9b7692b2764be5a997d056e2283b72ae9131]
	org.netbeans.spi.editor.hints.projects [1.34.0.1.8 1 21-b15c9b7692b2764be5a997d056e2283b72ae9131]
	org.netbeans.api.debugger/1 [1.78 21-b15c9b7692b2764be5a997d056e2283b72ae9131]
	org.netbeans.spi.debugger.ui/1 [2.81 21-b15c9b7692b2764be5a997d056e2283b72ae9131]
	org.netbeans.core.multiview/1 [1.67 21-b15c9b7692b2764be5a997d056e2283b72ae9131]
	org.netbeans.api.xml/1 [1.67 21-b15c9b7692b2764be5a997d056e2283b72ae9131]
	org.netbeans.modules.xml.core/2 [1.66.0.4 4 21-b15c9b7692b2764be5a997d056e2283b72ae9131]
	org.netbeans.modules.xml.xam/1 [1.55.0.1 1 21-b15c9b7692b2764be5a997d056e2283b72ae9131]
	org.netbeans.api.xml.ui/1 [1.67 21-b15c9b7692b2764be5a997d056e2283b72ae9131]
	org.apache.xml.resolver [1.54.0.12 12 21-b15c9b7692b2764be5a997d056e2283b72ae9131]
	org.netbeans.modules.xml.retriever/1 [1.54 21-b15c9b7692b2764be5a997d056e2283b72ae9131]
	org.netbeans.modules.xml.schema.model/1 [1.55.0.1 1 21-b15c9b7692b2764be5a997d056e2283b72ae9131]
	org.netbeans.modules.xml.axi [1.56 21-b15c9b7692b2764be5a997d056e2283b72ae9131]
	org.netbeans.modules.editor.indent.support [1.65 21-b15c9b7692b2764be5a997d056e2283b72ae9131]
	org.netbeans.api.java.classpath/1 [1.77 21-b15c9b7692b2764be5a997d056e2283b72ae9131]
	org.netbeans.libs.lucene/3 [3.42 21-b15c9b7692b2764be5a997d056e2283b72ae9131]
	org.netbeans.modules.masterfs/2 [2.78.0.2 2 21-b15c9b7692b2764be5a997d056e2283b72ae9131]
	org.netbeans.modules.parsing.lucene/2 [2.59.0.1 1 21-b15c9b7692b2764be5a997d056e2283b72ae9131]
	org.netbeans.modules.parsing.api/1 [9.30.0.8 8 21-b15c9b7692b2764be5a997d056e2283b72ae9131]
	org.netbeans.modules.editor.breadcrumbs/0 [1.40 21-b15c9b7692b2764be5a997d056e2283b72ae9131]
	org.netbeans.modules.editor.bracesmatching/0 [1.62.0.55 21-b15c9b7692b2764be5a997d056e2283b72ae9131]
	org.netbeans.modules.editor.deprecated.pre65formatting/0 [1.54.0.1.6.23.55 1 21-b15c9b7692b2764be5a997d056e2283b72ae9131]
	org.netbeans.modules.editor.errorstripe.api/1 [2.55.0.1 1 21-b15c9b7692b2764be5a997d056e2283b72ae9131]
	org.netbeans.modules.editor.errorstripe/2 [2.57.0.1.1 1 21-b15c9b7692b2764be5a997d056e2283b72ae9131]
	org.netbeans.modules.editor.completion/1 [1.68.0.2 2 21-b15c9b7692b2764be5a997d056e2283b72ae9131]
	org.netbeans.modules.editor.codetemplates/1 [1.67.0.1 1 21-b15c9b7692b2764be5a997d056e2283b72ae9131]
	org.netbeans.modules.editor.actions/1 [1.54.0.55 21-b15c9b7692b2764be5a997d056e2283b72ae9131]
	org.netbeans.modules.project.indexingbridge [1.40 21-b15c9b7692b2764be5a997d056e2283b72ae9131]
	org.netbeans.modules.parsing.indexing [9.32.0.1.3.8 1 21-b15c9b7692b2764be5a997d056e2283b72ae9131]
	org.netbeans.modules.diff/1 [1.74.0.42.1 42 21-b15c9b7692b2764be5a997d056e2283b72ae9131]
	org.netbeans.modules.refactoring.api [1.70.0.1 1 21-b15c9b7692b2764be5a997d056e2283b72ae9131]
	org.netbeans.modules.csl.types/1 [1.23 21-b15c9b7692b2764be5a997d056e2283b72ae9131]
	org.netbeans.core.ui/1 [1.68 21-b15c9b7692b2764be5a997d056e2283b72ae9131]
	org.netbeans.api.search [1.44 21-b15c9b7692b2764be5a997d056e2283b72ae9131]
	org.netbeans.modules.jumpto/1 [1.78.0.1 1 21-b15c9b7692b2764be5a997d056e2283b72ae9131]
	org.netbeans.modules.csl.api/2 [2.81.0.2.1.1.8.1 2 21-b15c9b7692b2764be5a997d056e2283b72ae9131]
	org.netbeans.modules.editor.structure/1 [1.70.0.1 1 21-b15c9b7692b2764be5a997d056e2283b72ae9131]
	org.netbeans.modules.xml.lexer [1.53 21-b15c9b7692b2764be5a997d056e2283b72ae9131]
	org.netbeans.modules.xml.text/2 [1.82.0.1 1 21-b15c9b7692b2764be5a997d056e2283b72ae9131]
	org.netbeans.modules.xml [1.56 21-b15c9b7692b2764be5a997d056e2283b72ae9131]
	org.netbeans.core.ide/1 [1.64 21-b15c9b7692b2764be5a997d056e2283b72ae9131]
	org.netbeans.modules.servletapi/1 [1.62 21-b15c9b7692b2764be5a997d056e2283b72ae9131]
	org.netbeans.modules.httpserver/2 [2.59.0.43 43 21-b15c9b7692b2764be5a997d056e2283b72ae9131]
	org.netbeans.modules.xsl/1 [1.67 21-b15c9b7692b2764be5a997d056e2283b72ae9131]
	org.netbeans.modules.xml.xdm/1 [1.57.0.1 1 21-b15c9b7692b2764be5a997d056e2283b72ae9131]
	org.netbeans.libs.xerces/1 [1.61.0.281 281 21-b15c9b7692b2764be5a997d056e2283b72ae9131]
	org.netbeans.modules.xml.tax/2 [1.67.0.281 21-b15c9b7692b2764be5a997d056e2283b72ae9131]
	org.netbeans.modules.xml.tools/2 [1.66 21-b15c9b7692b2764be5a997d056e2283b72ae9131]
	org.netbeans.modules.xml.schema.completion [1.54 21-b15c9b7692b2764be5a997d056e2283b72ae9131]
	org.netbeans.modules.xml.catalog/2 [3.27.0.4 4 21-b15c9b7692b2764be5a997d056e2283b72ae9131]
	org.netbeans.modules.xml.catalog.ui [2.26.0.4 21-b15c9b7692b2764be5a997d056e2283b72ae9131]
	org.netbeans.core.execution/1 [1.65 21-b15c9b7692b2764be5a997d056e2283b72ae9131]
	org.netbeans.modules.sendopts/2 [2.59 21-b15c9b7692b2764be5a997d056e2283b72ae9131]
	org.netbeans.modules.favorites/1 [1.69 21-b15c9b7692b2764be5a997d056e2283b72ae9131]
	org.netbeans.modules.projectui [1.82.0.8.9 21-b15c9b7692b2764be5a997d056e2283b72ae9131]
	org.netbeans.modules.welcome/1 [1.65 21-b15c9b7692b2764be5a997d056e2283b72ae9131]
	org.netbeans.libs.json_simple/1 [0.35 21-b15c9b7692b2764be5a997d056e2283b72ae9131]
	org.netbeans.modules.web.common [1.122 21-b15c9b7692b2764be5a997d056e2283b72ae9131]
	org.netbeans.modules.web.indent [1.43 21-b15c9b7692b2764be5a997d056e2283b72ae9131]
	org.netbeans.modules.extexecution.base/2 [1.29 21-b15c9b7692b2764be5a997d056e2283b72ae9131]
	org.netbeans.modules.extexecution/2 [1.72 21-b15c9b7692b2764be5a997d056e2283b72ae9131]
	org.netbeans.modules.web.common.ui [1.24 21-b15c9b7692b2764be5a997d056e2283b72ae9131]
	org.netbeans.modules.gsf.testrunner/2 [2.35 21-b15c9b7692b2764be5a997d056e2283b72ae9131]
	org.netbeans.modules.gsf.testrunner.ui [1.38.0.1 21-b15c9b7692b2764be5a997d056e2283b72ae9131]
	org.netbeans.modules.gototest/1 [1.56 21-b15c9b7692b2764be5a997d056e2283b72ae9131]
	org.netbeans.modules.project.libraries/1 [1.76 21-b15c9b7692b2764be5a997d056e2283b72ae9131]
	org.netbeans.modules.project.libraries.ui/1 [1.75 21-b15c9b7692b2764be5a997d056e2283b72ae9131]
	org.netbeans.modules.html.indexing [1.15 21-b15c9b7692b2764be5a997d056e2283b72ae9131]
	org.netbeans.modules.extbrowser/1 [1.76 21-b15c9b7692b2764be5a997d056e2283b72ae9131]
	org.netbeans.modules.settings/1 [1.72 21-b15c9b7692b2764be5a997d056e2283b72ae9131]
	org.netbeans.modules.web.browser.api [1.68 21-b15c9b7692b2764be5a997d056e2283b72ae9131]
	org.netbeans.modules.gsf.codecoverage [1.55 21-b15c9b7692b2764be5a997d056e2283b72ae9131]
	org.netbeans.modules.project.spi.intern [1.26 21-b15c9b7692b2764be5a997d056e2283b72ae9131]
	org.netbeans.modules.project.ant/1 [1.90 21-b15c9b7692b2764be5a997d056e2283b72ae9131]
	org.netbeans.modules.web.clientproject.api [1.127 21-b15c9b7692b2764be5a997d056e2283b72ae9131]
	org.netbeans.modules.versioning.core/1 [1.54.0.1.42 1 21-b15c9b7692b2764be5a997d056e2283b72ae9131]
	org.netbeans.modules.versioning/1 [1.70.0.1 1 21-b15c9b7692b2764be5a997d056e2283b72ae9131]
	org.netbeans.modules.spellchecker.apimodule [1.48 21-b15c9b7692b2764be5a997d056e2283b72ae9131]
	org.netbeans.modules.versioning.util [1.93.0.42.1 21-b15c9b7692b2764be5a997d056e2283b72ae9131]
	org.netbeans.modules.team.commons [1.73 21-b15c9b7692b2764be5a997d056e2283b72ae9131]
	org.netbeans.modules.versioning.ui/1 [1.45.0.42.1 21-b15c9b7692b2764be5a997d056e2283b72ae9131]
	org.netbeans.modules.autoupdate.services [1.79 21-b15c9b7692b2764be5a997d056e2283b72ae9131]
	org.netbeans.modules.autoupdate.ui [1.69 21-b15c9b7692b2764be5a997d056e2283b72ae9131]
	org.netbeans.modules.versioning.system.cvss.installer [1.39 21-b15c9b7692b2764be5a997d056e2283b72ae9131]
	org.netbeans.modules.masterfs.ui [2.26.0.2 21-b15c9b7692b2764be5a997d056e2283b72ae9131]
	org.netbeans.modules.versioning.masterfs [1.37 21-b15c9b7692b2764be5a997d056e2283b72ae9131]
	org.netbeans.modules.versioning.indexingbridge/0 [1.48 21-b15c9b7692b2764be5a997d056e2283b72ae9131]
	org.netbeans.modules.utilities/1 [1.84 21-b15c9b7692b2764be5a997d056e2283b72ae9131]
	org.netbeans.modules.utilities.project/1 [1.61 21-b15c9b7692b2764be5a997d056e2283b72ae9131]
	org.netbeans.modules.javahelp/1 [2.64 21-b15c9b7692b2764be5a997d056e2283b72ae9131]
	org.netbeans.modules.usersguide/1 [1.71 21-b15c9b7692b2764be5a997d056e2283b72ae9131]
	org.netbeans.modules.updatecenters/1 [1.63 21-b15c9b7692b2764be5a997d056e2283b72ae9131]
	org.netbeans.libs.jcodings/1 [0.12 21-b15c9b7692b2764be5a997d056e2283b72ae9131]
	com.google.gson [2.8.9 2.8.9]
	org.netbeans.modules.textmate.lexer/0 [1.23.0.1 1 21-b15c9b7692b2764be5a997d056e2283b72ae9131]
	org.netbeans.modules.terminal [1.50 21-b15c9b7692b2764be5a997d056e2283b72ae9131]
	org.netbeans.lib.terminalemulator [1.60 21-b15c9b7692b2764be5a997d056e2283b72ae9131]
	org.netbeans.modules.terminal.nb [1.23 21-b15c9b7692b2764be5a997d056e2283b72ae9131]
	org.netbeans.modules.templates/1 [1.30 21-b15c9b7692b2764be5a997d056e2283b72ae9131]
	org.netbeans.modules.team.ide [1.36 21-b15c9b7692b2764be5a997d056e2283b72ae9131]
	org.netbeans.modules.tasklist.ui/1 [1.54.0.1.1 1 21-b15c9b7692b2764be5a997d056e2283b72ae9131]
	org.netbeans.modules.tasklist.todo/1 [1.54.0.1 1 21-b15c9b7692b2764be5a997d056e2283b72ae9131]
	org.netbeans.modules.tasklist.projectint/1 [1.52 21-b15c9b7692b2764be5a997d056e2283b72ae9131]
	org.netbeans.modules.tasklist.kit [1.51 21-b15c9b7692b2764be5a997d056e2283b72ae9131]
	org.netbeans.libs.ini4j/1 [1.57 21-b15c9b7692b2764be5a997d056e2283b72ae9131]
	org.netbeans.libs.svnClientAdapter/1 [1.63 21-b15c9b7692b2764be5a997d056e2283b72ae9131]
	org.netbeans.modules.subversion [1.64.0.42.1 21-b15c9b7692b2764be5a997d056e2283b72ae9131]
	org.netbeans.modules.editor.plain.lib/1 [1.56 21-b15c9b7692b2764be5a997d056e2283b72ae9131]
	org.netbeans.modules.spellchecker [1.58.0.1.8 1 21-b15c9b7692b2764be5a997d056e2283b72ae9131]
	org.netbeans.modules.spellchecker.kit [1.48 21-b15c9b7692b2764be5a997d056e2283b72ae9131]
	org.netbeans.modules.spellchecker.dictionary_en [1.45 21-b15c9b7692b2764be5a997d056e2283b72ae9131]
	org.netbeans.modules.properties/1 [1.78 21-b15c9b7692b2764be5a997d056e2283b72ae9131]
	org.netbeans.modules.properties.syntax/1 [1.73 21-b15c9b7692b2764be5a997d056e2283b72ae9131]
	org.netbeans.modules.spellchecker.bindings.properties [1.45 21-b15c9b7692b2764be5a997d056e2283b72ae9131]
	org.netbeans.modules.html.lexer/1 [1.61 21-b15c9b7692b2764be5a997d056e2283b72ae9131]
	org.netbeans.modules.spellchecker.bindings.htmlxml [1.50 21-b15c9b7692b2764be5a997d056e2283b72ae9131]
	org.netbeans.modules.server/0 [1.56 21-b15c9b7692b2764be5a997d056e2283b72ae9131]
	org.netbeans.modules.selenium2.server [1.26 21-b15c9b7692b2764be5a997d056e2283b72ae9131]
	org.netbeans.modules.selenium2 [1.28 21-b15c9b7692b2764be5a997d056e2283b72ae9131]
	org.netbeans.modules.selenium2.webclient [1.30 21-b15c9b7692b2764be5a997d056e2283b72ae9131]
	org.netbeans.modules.projectapi.nb [1.27 21-b15c9b7692b2764be5a997d056e2283b72ae9131]
	org.netbeans.modules.project.spi.intern.impl [1.26 21-b15c9b7692b2764be5a997d056e2283b72ae9131]
	org.netbeans.modules.progress.ui [1.56 21-b15c9b7692b2764be5a997d056e2283b72ae9131]
	org.netbeans.modules.print.editor [7.49 21-b15c9b7692b2764be5a997d056e2283b72ae9131]
	org.netbeans.modules.print [7.49 21-b15c9b7692b2764be5a997d056e2283b72ae9131]
	org.netbeans.modules.parsing.ui [1.37.0.1 21-b15c9b7692b2764be5a997d056e2283b72ae9131]
	org.netbeans.modules.parsing.nb [1.27.0.8.1 21-b15c9b7692b2764be5a997d056e2283b72ae9131]
	org.netbeans.core.windows/2 [2.108 21-b15c9b7692b2764be5a997d056e2283b72ae9131]
	org.netbeans.modules.notifications [1.31 21-b15c9b7692b2764be5a997d056e2283b72ae9131]
	org.netbeans.libs.osgi [1.45 21-b15c9b7692b2764be5a997d056e2283b72ae9131]
	org.netbeans.core.netigso [1.54 21-b15c9b7692b2764be5a997d056e2283b72ae9131]
	org.netbeans.modules.netbinox [1.64 21-b15c9b7692b2764be5a997d056e2283b72ae9131]
	org.netbeans.modules.nativeimage.api/0 [0.15 21-b15c9b7692b2764be5a997d056e2283b72ae9131]
	org.eclipse.mylyn.commons.net [3.17.0 3.17.0.v20150706-2057]
	org.eclipse.mylyn.tasks.core [3.17.0 3.17.0.v20150828-2026]
	org.eclipse.core.jobs [3.5.100 3.5.100.v20110404]
	org.eclipse.mylyn.wikitext.core [2.6.0 2.6.0.v20150901-2143]
	org.netbeans.modules.bugtracking [1.132 21-b15c9b7692b2764be5a997d056e2283b72ae9131]
	org.eclipse.equinox.common [3.6.0 3.6.0.v20110523]
	org.eclipse.core.runtime [3.7.0 3.7.0.v20110110]
	org.netbeans.modules.mylyn.util [1.59 21-b15c9b7692b2764be5a997d056e2283b72ae9131]
	org.netbeans.modules.mercurial [1.65.0.42.1 21-b15c9b7692b2764be5a997d056e2283b72ae9131]
	org.netbeans.libs.jna/2 [2.18 21-b15c9b7692b2764be5a997d056e2283b72ae9131]
	org.netbeans.modules.masterfs.windows [1.39 21-b15c9b7692b2764be5a997d056e2283b72ae9131]
	org.netbeans.modules.masterfs.nio2 [1.38 21-b15c9b7692b2764be5a997d056e2283b72ae9131]
	org.netbeans.libs.flexmark [1.16 21-b15c9b7692b2764be5a997d056e2283b72ae9131]
	org.netbeans.modules.markdown [1.11 21-b15c9b7692b2764be5a997d056e2283b72ae9131]
	com.google.guava [32.1.2 32.1.2.jre]
	org.netbeans.modules.lsp.client/0 [1.24.0.1.1 1 21-b15c9b7692b2764be5a997d056e2283b72ae9131]
	org.netbeans.modules.bugtracking.commons [1.31 21-b15c9b7692b2764be5a997d056e2283b72ae9131]
	org.netbeans.modules.localtasks [1.48 21-b15c9b7692b2764be5a997d056e2283b72ae9131]
	org.netbeans.modules.localhistory [1.57 21-b15c9b7692b2764be5a997d056e2283b72ae9131]
	org.netbeans.modules.lexer.nbbridge/1 [1.55.0.1 21-b15c9b7692b2764be5a997d056e2283b72ae9131]
	org.netbeans.libs.antlr4.runtime/2 [1.24.0.1 1 21-b15c9b7692b2764be5a997d056e2283b72ae9131]
	org.netbeans.modules.lexer.antlr4 [1.5.0.1 1 21-b15c9b7692b2764be5a997d056e2283b72ae9131]
	org.netbeans.libs.snakeyaml_engine/2 [2.12 21-b15c9b7692b2764be5a997d056e2283b72ae9131]
	org.netbeans.modules.languages.yaml [2.55 21-b15c9b7692b2764be5a997d056e2283b72ae9131]
	org.netbeans.libs.tomlj/1 [1.5 21-b15c9b7692b2764be5a997d056e2283b72ae9131]
	org.netbeans.modules.languages.toml [1.5 21-b15c9b7692b2764be5a997d056e2283b72ae9131]
	org.netbeans.modules.languages.manifest [1.55 21-b15c9b7692b2764be5a997d056e2283b72ae9131]
	org.netbeans.modules.languages.hcl [1.3 21-b15c9b7692b2764be5a997d056e2283b72ae9131]
	org.netbeans.modules.go.lang [1.4 21-b15c9b7692b2764be5a997d056e2283b72ae9131]
	org.netbeans.modules.languages.go [1.3 21-b15c9b7692b2764be5a997d056e2283b72ae9131]
	org.netbeans.modules.languages.diff [1.56 21-b15c9b7692b2764be5a997d056e2283b72ae9131]
	org.netbeans.modules.keyring.fallback [1.31 21-b15c9b7692b2764be5a997d056e2283b72ae9131]
	org.netbeans.modules.keyring.impl [1.47 21-b15c9b7692b2764be5a997d056e2283b72ae9131]
	org.netbeans.modules.javascript2.debug/1 [1.41 21-b15c9b7692b2764be5a997d056e2283b72ae9131]
	org.netbeans.modules.javascript2.debug.ui/1 [1.26 21-b15c9b7692b2764be5a997d056e2283b72ae9131]
	org.netbeans.lib.v8debug/1 [1.39 21-b15c9b7692b2764be5a997d056e2283b72ae9131]
	org.netbeans.modules.javascript.v8debug/1 [1.33.0.1 1 21-b15c9b7692b2764be5a997d056e2283b72ae9131]
	org.netbeans.modules.javascript.v8debug.ui/1 [1.22.0.1 21-b15c9b7692b2764be5a997d056e2283b72ae9131]
	org.netbeans.modules.janitor [1.16 21-b15c9b7692b2764be5a997d056e2283b72ae9131]
	org.netbeans.modules.image/1 [1.71 21-b15c9b7692b2764be5a997d056e2283b72ae9131]
	org.netbeans.core.multitabs/1 [1.35.0.1 1 21-b15c9b7692b2764be5a997d056e2283b72ae9131]
	org.netbeans.modules.editor.bookmarks/1 [1.60 21-b15c9b7692b2764be5a997d056e2283b72ae9131]
	com.jcraft.jsch [0.1.72 0.1.72]
	org.netbeans.modules.dlight.nativeexecution [1.62.0.1 1 21-b15c9b7692b2764be5a997d056e2283b72ae9131]
	org.netbeans.modules.dlight.terminal [1.46.0.1 1 21-b15c9b7692b2764be5a997d056e2283b72ae9131]
	org.netbeans.core.multitabs.project [1.33.0.1.1 1 21-b15c9b7692b2764be5a997d056e2283b72ae9131]
	org.netbeans.modules.editor.search [1.48.0.0.55 0 21-b15c9b7692b2764be5a997d056e2283b72ae9131]
	org.netbeans.modules.html.editor.lib/3 [3.55 21-b15c9b7692b2764be5a997d056e2283b72ae9131]
	org.apache.commons.logging [1.3.0 1.3.0]
	org.netbeans.modules.html.parser/1 [1.57.0.1 1 21-b15c9b7692b2764be5a997d056e2283b72ae9131]
	org.netbeans.modules.html.validation/1 [1.54 21-b15c9b7692b2764be5a997d056e2283b72ae9131]
	org.netbeans.libs.antlr3.runtime [1.44.0.1 1 21-b15c9b7692b2764be5a997d056e2283b72ae9131]
	org.netbeans.modules.css.lib/2 [2.3 21-b15c9b7692b2764be5a997d056e2283b72ae9131]
	org.netbeans.modules.css.model [1.54 21-b15c9b7692b2764be5a997d056e2283b72ae9131]
	org.netbeans.modules.css.editor/1 [1.91 21-b15c9b7692b2764be5a997d056e2283b72ae9131]
	org.netbeans.modules.html/1 [1.84 21-b15c9b7692b2764be5a997d056e2283b72ae9131]
	org.netbeans.modules.html.editor/2 [2.79 21-b15c9b7692b2764be5a997d056e2283b72ae9131]
	org.netbeans.core.output2/1 [1.65 21-b15c9b7692b2764be5a997d056e2283b72ae9131]
	org.netbeans.modules.css.visual/3 [3.55 21-b15c9b7692b2764be5a997d056e2283b72ae9131]
	org.netbeans.modules.editor.autosave/1 [1.14 21-b15c9b7692b2764be5a997d056e2283b72ae9131]
	org.netbeans.modules.editor.kit [1.56 21-b15c9b7692b2764be5a997d056e2283b72ae9131]
	org.netbeans.modules.autoupdate.cli [1.37 21-b15c9b7692b2764be5a997d056e2283b72ae9131]
	org.netbeans.libs.felix [2.38 21-b15c9b7692b2764be5a997d056e2283b72ae9131]
	org.netbeans.modules.core.kit [1.54 21-b15c9b7692b2764be5a997d056e2283b72ae9131]
	org.netbeans.modules.defaults/1 [1.54 21-b15c9b7692b2764be5a997d056e2283b72ae9131]
	org.netbeans.modules.editor.macros/0 [1.54.0.1.23 1 21-b15c9b7692b2764be5a997d056e2283b72ae9131]
	org.netbeans.modules.editor.plain/2 [1.58 21-b15c9b7692b2764be5a997d056e2283b72ae9131]
	org.netbeans.modules.ide.kit [1.56 21-b15c9b7692b2764be5a997d056e2283b72ae9131]
	org.netbeans.modules.ide.ergonomics [1.50 21-b15c9b7692b2764be5a997d056e2283b72ae9131]
	org.netbeans.modules.autoupdate.pluginimporter [1.43 21-b15c9b7692b2764be5a997d056e2283b72ae9131]
	org.netbeans.modules.deadlock.detector [1.29 21-b15c9b7692b2764be5a997d056e2283b72ae9131]
	org.netbeans.modules.ide.branding/1 [1.55 21-b15c9b7692b2764be5a997d056e2283b72ae9131]
	org.netbeans.modules.ide.branding.kit [1.51 21-b15c9b7692b2764be5a997d056e2283b72ae9131]
	org.netbeans.libs.commons_net/2 [2.45.0.36 36 21-b15c9b7692b2764be5a997d056e2283b72ae9131]
	org.netbeans.modules.hudson [2.36 21-b15c9b7692b2764be5a997d056e2283b72ae9131]
	org.netbeans.modules.hudson.ui [1.34 21-b15c9b7692b2764be5a997d056e2283b72ae9131]
	org.netbeans.modules.hudson.tasklist [1.40 21-b15c9b7692b2764be5a997d056e2283b72ae9131]
	org.netbeans.modules.hudson.subversion [1.52 21-b15c9b7692b2764be5a997d056e2283b72ae9131]
	org.netbeans.modules.hudson.mercurial [1.52 21-b15c9b7692b2764be5a997d056e2283b72ae9131]
	org.netbeans.modules.hudson.git [1.41 21-b15c9b7692b2764be5a997d056e2283b72ae9131]
	org.netbeans.modules.html.custom [1.29 21-b15c9b7692b2764be5a997d056e2283b72ae9131]
	org.eclipse.jgit [6.8.0 6.8.0.202311291450-r]
	org.eclipse.jgit.ssh.jsch [6.8.0 6.8.0.202311291450-r]
	org.netbeans.libs.jsch.agentproxy/2 [1.7 21-b15c9b7692b2764be5a997d056e2283b72ae9131]
	org.netbeans.libs.git/1 [1.58 21-b15c9b7692b2764be5a997d056e2283b72ae9131]
	org.netbeans.modules.git [1.45.0.1 21-b15c9b7692b2764be5a997d056e2283b72ae9131]
	org.netbeans.modules.extexecution.process.jdk9 [1.23 21-b15c9b7692b2764be5a997d056e2283b72ae9131]
	org.netbeans.modules.extexecution.process [1.50 21-b15c9b7692b2764be5a997d056e2283b72ae9131]
	org.netbeans.modules.extexecution.impl [1.48 21-b15c9b7692b2764be5a997d056e2283b72ae9131]
	org.netbeans.modules.editor.mimelookup.impl/1 [1.55 21-b15c9b7692b2764be5a997d056e2283b72ae9131]
	org.netbeans.modules.editor.indent.project/0 [1.45 21-b15c9b7692b2764be5a997d056e2283b72ae9131]
	org.netbeans.modules.editor.global.format/1 [1.38.0.1 1 21-b15c9b7692b2764be5a997d056e2283b72ae9131]
	org.netbeans.libs.commons_compress/0 [0.29.0.181 181 21-b15c9b7692b2764be5a997d056e2283b72ae9131]
	libs.c.kohlschutter.junixsocket/2 [3.5 21-b15c9b7692b2764be5a997d056e2283b72ae9131]
	org.netbeans.modules.docker.api/0 [1.43 21-b15c9b7692b2764be5a997d056e2283b72ae9131]
	org.netbeans.modules.docker.ui/0 [1.23 21-b15c9b7692b2764be5a997d056e2283b72ae9131]
	org.netbeans.modules.docker.editor/0 [1.23 21-b15c9b7692b2764be5a997d056e2283b72ae9131]
	org.netbeans.modules.dlight.nativeexecution.nb [1.23 21-b15c9b7692b2764be5a997d056e2283b72ae9131]
	org.netbeans.modules.db.metadata.model/1 [1.34 21-b15c9b7692b2764be5a997d056e2283b72ae9131]
	org.netbeans.modules.db/1 [1.92.0.30 30 21-b15c9b7692b2764be5a997d056e2283b72ae9131]
	org.netbeans.modules.dbapi [1.57.0.30 21-b15c9b7692b2764be5a997d056e2283b72ae9131]
	org.netbeans.modules.derby [1.63 21-b15c9b7692b2764be5a997d056e2283b72ae9131]
	org.netbeans.api.visual [2.71 21-b15c9b7692b2764be5a997d056e2283b72ae9131]
	org.netbeans.modules.db.sql.visualeditor/1 [2.55.0.30 21-b15c9b7692b2764be5a997d056e2283b72ae9131]
	org.netbeans.modules.db.dataview [1.56 21-b15c9b7692b2764be5a997d056e2283b72ae9131]
	org.netbeans.modules.db.core [1.60 21-b15c9b7692b2764be5a997d056e2283b72ae9131]
	org.netbeans.modules.db.sql.editor [1.60.0.30 21-b15c9b7692b2764be5a997d056e2283b72ae9131]
	org.netbeans.modules.db.mysql [0.51.0.2 2 21-b15c9b7692b2764be5a997d056e2283b72ae9131]
	org.netbeans.modules.db.drivers [1.53 21-b15c9b7692b2764be5a997d056e2283b72ae9131]
	org.netbeans.modules.db.kit [1.53 21-b15c9b7692b2764be5a997d056e2283b72ae9131]
	org.netbeans.modules.css.prep [1.53 21-b15c9b7692b2764be5a997d056e2283b72ae9131]
	org.eclipse.mylyn.bugzilla.core [3.17.0 3.17.0.v20150828-2026]
	org.apache.commons.httpclient [3.1.0 3.1.0]
	org.netbeans.modules.bugzilla [1.100 21-b15c9b7692b2764be5a997d056e2283b72ae9131]
	org.netbeans.modules.bugtracking.bridge [1.68 21-b15c9b7692b2764be5a997d056e2283b72ae9131]
	org.netbeans.libs.graalsdk [1.23 21-b15c9b7692b2764be5a997d056e2283b72ae9131]
	org.netbeans.libs.truffleapi [1.23 21-b15c9b7692b2764be5a997d056e2283b72ae9131]
	org.netbeans.libs.svnClientAdapter.javahl/1 [1.47 21-b15c9b7692b2764be5a997d056e2283b72ae9131]
	org.netbeans.libs.jna.platform/2 [2.18 21-b15c9b7692b2764be5a997d056e2283b72ae9131]
	org.netbeans.libs.graaljs/2 [1.23 21-b15c9b7692b2764be5a997d056e2283b72ae9131]
	org.netbeans.libs.freemarker/1 [2.57.0.239 239 21-b15c9b7692b2764be5a997d056e2283b72ae9131]
	org.netbeans.core.network [1.35 21-b15c9b7692b2764be5a997d056e2283b72ae9131]
	org.netbeans.core.nativeaccess/1 [1.54 21-b15c9b7692b2764be5a997d056e2283b72ae9131]
	org.netbeans.core.io.ui/1 [1.53 21-b15c9b7692b2764be5a997d056e2283b72ae9131]
	org.netbeans.core.browser/1 [1.51.0.1 1 21-b15c9b7692b2764be5a997d056e2283b72ae9131]
	org.eclipse.mylyn.commons.xmlrpc [3.17.0 3.17.0.v20150625-2042]
	org.eclipse.mylyn.commons.repositories.core [1.9.0 1.9.0.v20150625-2042]
	org.eclipse.mylyn.commons.core [3.17.0 3.17.0.v20150625-2042]
	org.eclipse.equinox.security [1.1.1 1.1.1.R37x_v20110822-1018]
	org.eclipse.equinox.registry [3.5.200 3.5.200.v20120522-1841]
	org.eclipse.equinox.preferences [3.4.2 3.4.2.v20120111-2020]
	org.eclipse.equinox.app [1.3.100 1.3.100.v20110321]
	org.eclipse.core.runtime.compatibility.auth [3.2.200 3.2.200.v20110110]
	org.eclipse.core.net [1.2.100 1.2.100.I20110511-0800]
	org.eclipse.core.contenttype [3.4.100 3.4.100.v20110423-0524]
	org.apache.xmlrpc [3.1.3 3.1.3]
	org.apache.ws.commons.util [1.0.1 1.0.1]
	org.apache.commons.lang [2.6 2.6]
	org.apache.commons.codec [1.16.0 1.16.0]
	com.jcraft.jzlib [1.1.3 1.1.3]
	com.googlecode.javaewah.JavaEWAH [1.1.6 1.1.6]
	com.google.guava.failureaccess [1.0.1 1.0.1]
	bcprov [1.77 1.77]
INFO [org.netbeans.core.netigso.Netigso]: bundle bcpg@1.77.0 resolved
INFO [org.netbeans.core.netigso.Netigso]: bundle org.apache.commons.lang3@3.14.0 resolved
INFO [org.netbeans.core.netigso.Netigso]: bundle bcutil@1.77.0 resolved
INFO [org.netbeans.core.netigso.Netigso]: bundle bcpkix@1.77.0 resolved
INFO [org.netbeans.core.netigso.Netigso]: bundle net.java.html.json@1.8.1 resolved
INFO [org.netbeans.core.netigso.Netigso]: bundle net.java.html.boot@1.8.1 resolved
INFO [org.netbeans.core.netigso.Netigso]: bundle org.netbeans.html.ko4j@1.8.1 resolved
INFO [org.netbeans.core.netigso.Netigso]: bundle net.java.html@1.8.1 resolved
INFO [org.netbeans.core.netigso.Netigso]: bundle net.java.html.boot.fx@1.8.1 resolved
INFO [org.netbeans.core.netigso.Netigso]: bundle org.netbeans.html.presenters.spi@1.8.1 resolved
INFO [org.netbeans.core.netigso.Netigso]: bundle net.java.html.boot.script@1.8.1 resolved
INFO [org.netbeans.core.netigso.Netigso]: bundle org.netbeans.html.xhr4j@1.8.1 resolved
INFO [org.netbeans.core.netigso.Netigso]: bundle org.eclipse.mylyn.wikitext.markdown.core@2.6.0.v20150901-2143 resolved
INFO [org.netbeans.core.netigso.Netigso]: bundle org.eclipse.mylyn.wikitext.confluence.core@2.6.0.v20150901-2143 resolved
INFO [org.netbeans.core.netigso.Netigso]: bundle org.eclipse.mylyn.wikitext.textile.core@2.6.0.v20150901-2143 resolved
INFO [org.netbeans.core.netigso.Netigso]: bundle net.java.html.sound@1.8.1 resolved
INFO [org.netbeans.core.netigso.Netigso]: bundle org.eclipse.jgit.gpg.bc@6.8.0.202311291450-r resolved
INFO [org.netbeans.core.netigso.Netigso]: bundle org.eclipse.jgit.lfs@6.8.0.202311291450-r resolved
INFO [org.netbeans.core.netigso.Netigso]: bundle net.java.html.geo@1.8.1 resolved
INFO [org.netbeans.core.netigso.Netigso]: bundle org.eclipse.osgi@3.9.1.v20140110-1610 started
INFO [org.netbeans.core.network.proxy.NetworkProxyReloader]: System network proxy resolver: Windows
INFO [org.netbeans.core.network.proxy.windows.WindowsNetworkProxy]: Windows system proxy resolver: auto detect
INFO [org.netbeans.core.network.proxy.windows.WindowsNetworkProxy]: Windows system proxy resolver: auto - PAC (http://wpad/wpad.dat)
INFO [org.netbeans.core.network.proxy.NetworkProxyReloader]: System network proxy reloading succeeded.
INFO [org.netbeans.core.network.proxy.ProxyAutoConfig]: PAC script http://wpad/wpad.dat unavailable, proxy disabled
INFO [org.netbeans.core.network.proxy.NetworkProxyReloader]: System network proxy - mode: auto
INFO [org.netbeans.core.network.proxy.NetworkProxyReloader]: System network proxy - pac url: http://wpad/wpad.dat
INFO [org.netbeans.core.network.proxy.NetworkProxyReloader]: System network proxy TEST - http host: 
INFO [org.netbeans.core.network.proxy.NetworkProxyReloader]: System network proxy TEST - http port: 0
INFO [org.openide.awt.Toolbar]: Too long AWTTask: 1.283 ms for org.openide.awt.MenuBar$MenuBarFolder@7526f3f4(FolderList{MultiFileObject@13a553ec[Menu]})
INFO [org.netbeans.ui.metrics.laf]: USG_LOOK_AND_FEEL
INFO [org.netbeans.ui.indexing]: Indexing started, time from last indexing 0 ms.
INFO [org.netbeans.ui.indexing]: Indexing finished, indexing took 0 ms.
INFO [org.netbeans.core.netigso.Netigso]: bundle org.eclipse.osgi@3.9.1.v20140110-1610 256
INFO [org.netbeans.core.netigso.Netigso]: bundle org.eclipse.osgi@3.9.1.v20140110-1610 stopped
INFO [null]: Last record repeated again.
